<html>
<body>
<pre>
<h1>µVision Build Log</h1>
<h2>Tool Versions:</h2>
IDE-Version: ¥ìVision V5.18.0.0
Copyright (C) 2016 ARM Ltd and ARM Germany GmbH. All rights reserved.
License Information: . . . Flex license: MDK-ARM Standard Cortex-M only: 27 user(s) (mdk_cm_std) Support: Jan 2016
 
Tool Versions:
Toolchain:       MDK-ARM Standard Cortex-M only: 27 user(s)  Version: 5.18
Toolchain Path:  C:\Keil_v5\ARM\ARMCC\Bin
C Compiler:      Armcc.exe V5.06 update 1 (build 61)
Assembler:       Armasm.exe V5.06 update 1 (build 61)
Linker/Locator:  ArmLink.exe V5.06 update 1 (build 61)
Library Manager: ArmAr.exe V5.06 update 1 (build 61)
Hex Converter:   FromElf.exe V5.06 update 1 (build 61)
CPU DLL:         SARMCM3.DLL V5.18
Dialog DLL:      DCM.DLL V1.13.6.0
Target DLL:      UL2CM3.DLL V1.157.5.0
Dialog DLL:      TCM.DLL V1.14.8.0
 
<h2>Project:</h2>
C:\Users\dongha\Desktop\-Embedded-Software-TermProject\project\RTOS\MDK-ARM\Project.uvprojx
Project File Date:  06/03/2018

<h2>Output:</h2>
*** Using Compiler 'V5.06 update 1 (build 61)', folder: 'C:\Keil_v5\ARM\ARMCC\Bin'
Rebuild target 'PWM(Motor)'
compiling ts3510.c...
compiling stmpe1600.c...
compiling stmpe811.c...
compiling system_stm32f4xx.c...
compiling stm324x9i_eval_io.c...
compiling stm32f4xx_hal.c...
compiling stm32f4xx_hal_cortex.c...
compiling stm32f4xx_hal_dma_ex.c...
compiling stm324x9i_eval.c...
compiling stm32f4xx_hal_sram.c...
compiling stm32f4xx_hal_gpio.c...
compiling stm32f4xx_hal_rcc.c...
compiling stm32f4xx_hal_pwr_ex.c...
compiling stm32f4xx_hal_i2c.c...
compiling stm32f4xx_hal_tim.c...
compiling stm32f4xx_ll_fmc.c...
compiling stm32f4xx_hal_tim_ex.c...
compiling stm32f4xx_hal_adc.c...
compiling stm32f4xx_hal_dma.c...
assembling startup_stm32f429xx.s...
compiling stm32f4xx_hal_uart.c...
compiling stm32f4xx_ll_usb.c...
compiling list.c...
compiling stm32f4xx_hal_adc_ex.c...
compiling queue.c...
compiling timers.c...
compiling tasks.c...
compiling heap_4.c...
compiling main.c...
..\Src\main.c(276): error:  #65: expected a ";"
  void Motor_control(){
..\Src\main.c(297): warning:  #12-D: parsing restarts here after previous syntax error
  												turnRight(203,
alse);
..\Src\main.c(298): warning:  #111-D: statement is unreachable
  												Motor_Stop();
..\Src\main.c(301): error:  #169: expected a declaration
  					}else if(result == RightIR) {
..\Src\main.c(356): warning:  #12-D: parsing restarts here after previous syntax error
         osDelay(10);
..\Src\main.c(357): error:  #169: expected a declaration
     }
..\Src\main.c(385): warning:  #12-D: parsing restarts here after previous syntax error
     uwPrescalerValue = (SystemCoreClock/2)/1000000;
..\Src\main.c(389): error:  #18: expected a ")"
     
_GPIOB_CLK_ENABLE();
..\Src\main.c(389): error:  #79: expected a type specifier
     
_GPIOB_CLK_ENABLE();
..\Src\main.c(389): error:  #18: expected a ")"
     
_GPIOB_CLK_ENABLE();
..\Src\main.c(389): error:  #260-D: explicit type is missing ("int" assumed)
     
_GPIOB_CLK_ENABLE();
..\Src\main.c(389): error:  #101: "RCC_TypeDef" has already been declared in the current scope
     
_GPIOB_CLK_ENABLE();
..\Src\main.c(391): error:  #77-D: this declaration has no storage class or type specifier
     GPIO_InitStruct.Pin = GPIO_PIN_2;
..\Src\main.c(391): error:  #65: expected a ";"
     GPIO_InitStruct.Pin = GPIO_PIN_2;
..\Src\main.c(392): error:  #77-D: this declaration has no storage class or type specifier
     GPIO_InitStruct.Mode = GPIO_MODE_OUTPUT_PP;
..\Src\main.c(392): error:  #65: expected a ";"
     GPIO_InitStruct.Mode = GPIO_MODE_OUTPUT_PP;
..\Src\main.c(393): error:  #77-D: this declaration has no storage class or type specifier
     GPIO_InitStruct.Pull = GPIO_NOPULL;
..\Src\main.c(393): error:  #65: expected a ";"
     GPIO_InitStruct.Pull = GPIO_NOPULL;
..\Src\main.c(394): error:  #77-D: this declaration has no storage class or type specifier
     GPIO_InitStruct.Speed = GPIO_SPEED_HIGH;
..\Src\main.c(394): error:  #65: expected a ";"
     GPIO_InitStruct.Speed = GPIO_SPEED_HIGH;
..\Src\main.c(396): error:  #79: expected a type specifier
     HAL_GPIO_Init(
PIOB, &GPIO_InitStruct);
..\Src\main.c(396): error:  #79: expected a type specifier
     HAL_GPIO_Init(
PIOB, &GPIO_InitStruct);
..\Src\main.c(396): error:  #260-D: explicit type is missing ("int" assumed)
     HAL_GPIO_Init(
PIOB, &GPIO_InitStruct);
..\Src\main.c(396): error:  #147: declaration is incompatible with "void HAL_GPIO_Init(GPIO_TypeDef *, GPIO_InitTypeDef *)" (declared at line 253 of "..\..\..\Drivers\STM32F4xx_HAL_Driver\Inc\stm32f4xx_hal_gpio.h")
     HAL_GPIO_Init(
PIOB, &GPIO_InitStruct);
..\Src\main.c(398): error:  #79: expected a type specifier
     HAL_GPIO_WritePin(
PIOB, GPIO_PIN_2, GPIO_PIN_SET); // MC_EN(PB2) ???? ?ü¿? 
..\Src\main.c(398): error:  #79: expected a type specifier
     HAL_GPIO_WritePin(
PIOB, 
PIO_PIN_2, GPIO_PIN_SET); // MC_EN(PB2) ???? ?ü¿? 
..\Src\main.c(398): error:  #757: constant "GPIO_PIN_SET" is not a type name
     HAL_GPIO_WritePin(
PIOB, 
PIO_PIN_2, GPIO_PIN_SET); // MC_EN(PB2) ???? ?ü¿? 
..\Src\main.c(398): error:  #260-D: explicit type is missing ("int" assumed)
     HAL_GPIO_WritePin(
PIOB, 
PIO_PIN_2, GPIO_PIN_SET); // MC_EN(PB2) ???? ?ü¿? 
..\Src\main.c(398): error:  #147: declaration is incompatible with "void HAL_GPIO_WritePin(GPIO_TypeDef *, uint16_t, GPIO_PinState)" (declared at line 258 of "..\..\..\Drivers\STM32F4xx_HAL_Driver\Inc\stm32f4xx_hal_gpio.h")
     HAL_GPIO_WritePin(
PIOB, 
PIO_PIN_2, GPIO_PIN_SET); // MC_EN(PB2) ???? ?ü¿? 
..\Src\main.c(400): error:  #77-D: this declaration has no storage class or type specifier
     sConfig1.OCMode     = TIM_OCMODE_PWM1;
..\Src\main.c(400): error:  #147: declaration is incompatible with "TIM_OC_InitTypeDef sConfig1" (declared at line 87)
     sConfig1.OCMode     = TIM_OCMODE_PWM1;
..\Src\main.c(400): error:  #65: expected a ";"
     sConfig1.OCMode     = TIM_OCMODE_PWM1;
..\Src\main.c(401): error:  #77-D: this declaration has no storage class or type specifier
     sConfig1.OCPolarity = TIM_OCPOLARITY_HIGH;
..\Src\main.c(401): error:  #147: declaration is incompatible with "TIM_OC_InitTypeDef sConfig1" (declared at line 400)
     sConfig1.OCPolarity = TIM_OCPOLARITY_HIGH;
..\Src\main.c: 4 warnings, 30 errors
compiling cmsis_os.c...
compiling stm32f4xx_it.c...
compiling stm32f4xx_hal_msp.c...
compiling port.c...
".\output\PWM(Motor).axf" - 30 Error(s), 4 Warning(s).

<h2>Collection of Component include folders:</h2>
  C:\Users\dongha\Desktop\-Embedded-Software-TermProject\project\RTOS\MDK-ARM\RTE
  C:\Keil_v5\ARM\PACK\Keil\STM32F4xx_DFP\2.4.0\Drivers\CMSIS\Device\ST\STM32F4xx\Include

<h2>Collection of Component Files used:</h2>
Target not created.
Build Time Elapsed:  00:00:06
</pre>
</body>
</html>
